Build started 17.09.2019 22:48:11.
     1>Project "C:\Users\patri\documents\visual studio 2010\Projects\imgui\imgui\imgui.vcxproj" on node 2 (build target(s)).
     1>InitializeBuildStatus:
         Creating "Debug\imgui.unsuccessfulbuild" because "AlwaysCreate" was specified.
       ClCompile:
         C:\Program Files (x86)\Microsoft Visual Studio 10.0\VC\bin\CL.exe /c /I"C:\Program Files (x86)\Microsoft DirectX SDK (June 2010)\Include" /IC:\gstudio8\sdk_plugin /ZI /nologo /W3 /WX- /Od /Oy- /D WIN32 /D _DEBUG /D _WINDOWS /D _USRDLL /D IMGUI_EXPORTS /D _WINDLL /D _UNICODE /D UNICODE /Gm /EHsc /RTC1 /MDd /GS /fp:precise /Zc:wchar_t /Zc:forScope /Fo"Debug\\" /Fd"Debug\vc100.pdb" /Gd /TP /analyze- /errorReport:prompt imgui_main.cpp
         imgui_main.cpp
     1>c:\users\patri\documents\visual studio 2010\projects\imgui\imgui\imgui_main.cpp(29): warning C4996: 'strcpy': This function or variable may be unsafe. Consider using strcpy_s instead. To disable deprecation, use _CRT_SECURE_NO_WARNINGS. See online help for details.
                 c:\program files (x86)\microsoft visual studio 10.0\vc\include\string.h(105) : see declaration of 'strcpy'
     1>c:\users\patri\documents\visual studio 2010\projects\imgui\imgui\imgui_main.cpp(229): warning C4244: 'argument' : conversion from 'float' to 'int', possible loss of data
     1>c:\users\patri\documents\visual studio 2010\projects\imgui\imgui\imgui_main.cpp(623): warning C4244: 'argument' : conversion from 'LONG' to 'float', possible loss of data
     1>c:\users\patri\documents\visual studio 2010\projects\imgui\imgui\imgui_main.cpp(623): warning C4244: 'argument' : conversion from 'LONG' to 'float', possible loss of data
       ManifestResourceCompile:
         All outputs are up-to-date.
       Link:
         C:\Program Files (x86)\Microsoft Visual Studio 10.0\VC\bin\link.exe /ERRORREPORT:PROMPT /OUT:"C:\Users\patri\documents\visual studio 2010\Projects\imgui\Debug\imgui.dll" /INCREMENTAL /NOLOGO /LIBPATH:"C:\Program Files (x86)\Microsoft DirectX SDK (June 2010)\Lib\x86" /LIBPATH:C:\gstudio8\sdk_plugin adll.lib d3d9.lib kernel32.lib user32.lib gdi32.lib winspool.lib comdlg32.lib advapi32.lib shell32.lib ole32.lib oleaut32.lib uuid.lib odbc32.lib odbccp32.lib /NODEFAULTLIB:LIBCMT /MANIFEST /ManifestFile:"Debug\imgui.dll.intermediate.manifest" /MANIFESTUAC:"level='asInvoker' uiAccess='false'" /DEBUG /PDB:"C:\Users\patri\documents\visual studio 2010\Projects\imgui\Debug\imgui.pdb" /SUBSYSTEM:WINDOWS /TLBID:1 /DYNAMICBASE /NXCOMPAT /IMPLIB:"C:\Users\patri\documents\visual studio 2010\Projects\imgui\Debug\imgui.lib" /MACHINE:X86 /DLL Debug\imgui.dll.embed.manifest.res
         Debug\imgui.obj
         Debug\imgui_demo.obj
         Debug\imgui_inputs.obj
         Debug\imgui_lists.obj
         Debug\imgui_main.obj
         Debug\imgui_draw.obj
         Debug\imgui_impl_dx9.obj
         Debug\imgui_impl_win32.obj
         Debug\imgui_menu.obj
         Debug\imgui_nodes.obj
         Debug\imgui_plots.obj
         Debug\imgui_sliders.obj
         Debug\imgui_widgets.obj
       Manifest:
         C:\Program Files (x86)\Microsoft SDKs\Windows\v7.0A\bin\mt.exe /nologo /verbose /out:"Debug\imgui.dll.embed.manifest" /manifest Debug\imgui.dll.intermediate.manifest
         All outputs are up-to-date.
       LinkEmbedManifest:
         All outputs are up-to-date.
         imgui.vcxproj -> C:\Users\patri\documents\visual studio 2010\Projects\imgui\Debug\imgui.dll
       PostBuildEvent:
         copy  "C:\Users\patri\Documents\Visual Studio 2010\Projects\imgui\Debug\imgui.dll" "C:\Workspaces\Lite-C\Scenes\imgui.dll"
         copy  "C:\Users\patri\Documents\Visual Studio 2010\Projects\imgui\Debug\imgui.dll" "C:\Workspaces\Lite-C\Terrain\imgui.dll"
         copy  "C:\Users\patri\Documents\Visual Studio 2010\Projects\imgui\Debug\imgui.dll" "C:\Users\patri\Desktop\keyframes\imgui.dll"
         copy  "C:\Users\patri\Documents\Visual Studio 2010\Projects\imgui\Debug\imgui.dll" "C:\Users\patri\Desktop\World\imgui.dll"
         :VCEnd
                 1 Datei(en) kopiert.
                 1 Datei(en) kopiert.
                 1 Datei(en) kopiert.
                 1 Datei(en) kopiert.
       FinalizeBuildStatus:
         Deleting file "Debug\imgui.unsuccessfulbuild".
         Touching "Debug\imgui.lastbuildstate".
     1>Done Building Project "C:\Users\patri\documents\visual studio 2010\Projects\imgui\imgui\imgui.vcxproj" (build target(s)).

Build succeeded.

Time Elapsed 00:00:03.25
