Build started 18.09.2019 14:56:34.
     1>Project "C:\Users\patri\Git\imgui\Visual-Studio 2010 Project\imgui\imgui\imgui.vcxproj" on node 2 (build target(s)).
     1>InitializeBuildStatus:
         Touching "Release\imgui.unsuccessfulbuild".
       ClCompile:
         All outputs are up-to-date.
       Link:
         C:\Program Files (x86)\Microsoft Visual Studio 10.0\VC\bin\link.exe /ERRORREPORT:PROMPT /OUT:"C:\Users\patri\Git\imgui\Visual-Studio 2010 Project\imgui\Release\imgui.dll" /INCREMENTAL:NO /NOLOGO /LIBPATH:"C:\Program Files (x86)\Microsoft DirectX SDK (June 2010)\Lib\x86" /LIBPATH:C:\gstudio8\sdk_plugin adll.lib d3d9.lib /MANIFEST /ManifestFile:"Release\imgui.dll.intermediate.manifest" /MANIFESTUAC:"level='asInvoker' uiAccess='false'" /DEBUG /PDB:"C:\Users\patri\Git\imgui\Visual-Studio 2010 Project\imgui\Release\imgui.pdb" /SUBSYSTEM:WINDOWS /OPT:REF /OPT:ICF /LTCG /TLBID:1 /DYNAMICBASE /NXCOMPAT /IMPLIB:"C:\Users\patri\Git\imgui\Visual-Studio 2010 Project\imgui\Release\imgui.lib" /MACHINE:X86 /DLL Release\imgui.obj
         Release\imgui_inputs.obj
         Release\imgui_lists.obj
         Release\imgui_main.obj
         Release\imgui_draw.obj
         Release\imgui_impl_dx9.obj
         Release\imgui_impl_win32.obj
         Release\imgui_menu.obj
         Release\imgui_nodes.obj
         Release\imgui_plots.obj
         Release\imgui_sliders.obj
         Release\imgui_widgets.obj
            Creating library C:\Users\patri\Git\imgui\Visual-Studio 2010 Project\imgui\Release\imgui.lib and object C:\Users\patri\Git\imgui\Visual-Studio 2010 Project\imgui\Release\imgui.exp
         Generating code
         Finished generating code
         imgui.vcxproj -> C:\Users\patri\Git\imgui\Visual-Studio 2010 Project\imgui\Release\imgui.dll
       Manifest:
         C:\Program Files (x86)\Microsoft SDKs\Windows\v7.0A\bin\mt.exe /nologo /verbose /outputresource:"C:\Users\patri\Git\imgui\Visual-Studio 2010 Project\imgui\Release\imgui.dll;#2" /manifest Release\imgui.dll.intermediate.manifest
       FinalizeBuildStatus:
         Deleting file "Release\imgui.unsuccessfulbuild".
         Touching "Release\imgui.lastbuildstate".
     1>Done Building Project "C:\Users\patri\Git\imgui\Visual-Studio 2010 Project\imgui\imgui\imgui.vcxproj" (build target(s)).

Build succeeded.

Time Elapsed 00:00:04.56
